<?xml version="1.0" encoding="ISO-8859-1"?>
<!DOCTYPE HL7Message [
<!ENTITY xxe SYSTEM "tests/test-dtd" >]>
<HL7Message>
    <MSH>
        <MSH.1>|</MSH.1>
        <MSH.2>^~\&amp;</MSH.2>
        <MSH.3>
            <MSH.3.1>&xxe;</MSH.3.1>
        </MSH.3>
        <MSH.4>
            <MSH.4.1>SENDING_FACILITY</MSH.4.1>
        </MSH.4>
        <MSH.5>
            <MSH.5.1>RECEIVING_APPLICATION</MSH.5.1>
        </MSH.5>
        <MSH.6>
            <MSH.6.1>RECEIVING_FACILITY</MSH.6.1>
        </MSH.6>
        <MSH.7>
            <MSH.7.1>20110613083617</MSH.7.1>
        </MSH.7>
        <MSH.8/>
        <MSH.9>
            <MSH.9.1>ADT</MSH.9.1>
            <MSH.9.2>A01</MSH.9.2>
        </MSH.9>
        <MSH.10>
            <MSH.10.1>934576120110613083617</MSH.10.1>
        </MSH.10>
        <MSH.11>
            <MSH.11.1>P</MSH.11.1>
        </MSH.11>
        <MSH.12>
            <MSH.12.1>2.3</MSH.12.1>
        </MSH.12>
        <MSH.13/>
        <MSH.14/>
        <MSH.15/>
        <MSH.16/>
    </MSH>
    <EVN>
        <EVN.1>
            <EVN.1.1>A01</EVN.1.1>
        </EVN.1>
        <EVN.2>
            <EVN.2.1>20110613083617</EVN.2.1>
        </EVN.2>
        <EVN.3/>
        <EVN.4/>
        <EVN.5/>
    </EVN>
    <PID>
        <PID.1>
            <PID.1.1>1</PID.1.1>
        </PID.1>
        <PID.2/>
        <PID.3>
            <PID.3.1>135769</PID.3.1>
        </PID.3>
        <PID.4/>
        <PID.5>
            <PID.5.1>MOUSE</PID.5.1>
            <PID.5.2>MICKEY</PID.5.2>
            <PID.5.3/>
        </PID.5>
        <PID.6/>
        <PID.7>
            <PID.7.1>19281118</PID.7.1>
        </PID.7>
        <PID.8>
            <PID.8.1>M</PID.8.1>
        </PID.8>
        <PID.9/>
        <PID.10/>
        <PID.11>
            <PID.11.1>123 Main St.</PID.11.1>
            <PID.11.2/>
            <PID.11.3>Lake Buena Vista</PID.11.3>
            <PID.11.4>FL</PID.11.4>
            <PID.11.5>32830</PID.11.5>
        </PID.11>
        <PID.12/>
        <PID.13>
            <PID.13.1>(407)939-1289</PID.13.1>
            <PID.13.2/>
            <PID.13.3/>
            <PID.13.4>theMainMouse@disney.com</PID.13.4>
        </PID.13>
        <PID.14/>
        <PID.15/>
        <PID.16/>
        <PID.17/>
        <PID.18>
            <PID.18.1>1719</PID.18.1>
        </PID.18>
        <PID.19>
            <PID.19.1>99999999</PID.19.1>
        </PID.19>
        <PID.20/>
        <PID.21/>
        <PID.22/>
        <PID.23/>
        <PID.24/>
        <PID.25/>
        <PID.26/>
        <PID.27/>
        <PID.28/>
        <PID.29/>
        <PID.30/>
        <PID.31/>
        <PID.32/>
        <PID.33/>
        <PID.34/>
        <PID.35/>
        <PID.36/>
        <PID.37/>
        <PID.38/>
        <PID.39/>
    </PID>
    <PV1>
        <PV1.1>
            <PV1.1.1>1</PV1.1.1>
        </PV1.1>
        <PV1.2>
            <PV1.2.1>O</PV1.2.1>
        </PV1.2>
        <PV1.3/>
        <PV1.4/>
        <PV1.5/>
        <PV1.6/>
        <PV1.7>
            <PV1.7.1/>
            <PV1.7.2/>
            <PV1.7.3/>
            <PV1.7.4/>
            <PV1.7.5/>
            <PV1.7.6/>
            <PV1.7.7/>
            <PV1.7.8/>
            <PV1.7.9/>
        </PV1.7>
        <PV1.8>
            <PV1.8.1/>
            <PV1.8.2/>
            <PV1.8.3/>
            <PV1.8.4/>
            <PV1.8.5/>
            <PV1.8.6/>
            <PV1.8.7/>
            <PV1.8.8/>
            <PV1.8.9/>
        </PV1.8>
    </PV1>
</HL7Message>
