<?xml version="1.0" encoding="ISO-8859-1"?>
<note>
<query id="id1">query1</query>
</note>